This is pdfTeX, Version 3.141592653-2.6-1.40.27 (TeX Live 2025) (preloaded format=pdflatex 2025.3.19)  7 JUN 2025 09:53
entering extended mode
 restricted \write18 enabled.
 %&-line parsing enabled.
**main.tex
(./main.tex
LaTeX2e <2024-11-01> patch level 2
L3 programming layer <2025-01-18>
(c:/texlive/2025/texmf-dist/tex/latex/base/report.cls
Document Class: report 2024/06/29 v1.4n Standard LaTeX document class
(c:/texlive/2025/texmf-dist/tex/latex/base/size12.clo
File: size12.clo 2024/06/29 v1.4n Standard LaTeX file (size option)
)
\c@part=\count196
\c@chapter=\count197
\c@section=\count198
\c@subsection=\count199
\c@subsubsection=\count266
\c@paragraph=\count267
\c@subparagraph=\count268
\c@figure=\count269
\c@table=\count270
\abovecaptionskip=\skip49
\belowcaptionskip=\skip50
\bibindent=\dimen141
)
(c:/texlive/2025/texmf-dist/tex/latex/base/inputenc.sty
Package: inputenc 2024/02/08 v1.3d Input encoding file
\inpenc@prehook=\toks17
\inpenc@posthook=\toks18
)
(c:/texlive/2025/texmf-dist/tex/latex/amsmath/amsmath.sty
Package: amsmath 2024/11/05 v2.17t AMS math features
\@mathmargin=\skip51

For additional information on amsmath, use the `?' option.
(c:/texlive/2025/texmf-dist/tex/latex/amsmath/amstext.sty
Package: amstext 2021/08/26 v2.01 AMS text

(c:/texlive/2025/texmf-dist/tex/latex/amsmath/amsgen.sty
File: amsgen.sty 1999/11/30 v2.0 generic functions
\@emptytoks=\toks19
\ex@=\dimen142
))
(c:/texlive/2025/texmf-dist/tex/latex/amsmath/amsbsy.sty
Package: amsbsy 1999/11/29 v1.2d Bold Symbols
\pmbraise@=\dimen143
)
(c:/texlive/2025/texmf-dist/tex/latex/amsmath/amsopn.sty
Package: amsopn 2022/04/08 v2.04 operator names
)
\inf@bad=\count271
LaTeX Info: Redefining \frac on input line 233.
\uproot@=\count272
\leftroot@=\count273
LaTeX Info: Redefining \overline on input line 398.
LaTeX Info: Redefining \colon on input line 409.
\classnum@=\count274
\DOTSCASE@=\count275
LaTeX Info: Redefining \ldots on input line 495.
LaTeX Info: Redefining \dots on input line 498.
LaTeX Info: Redefining \cdots on input line 619.
\Mathstrutbox@=\box52
\strutbox@=\box53
LaTeX Info: Redefining \big on input line 721.
LaTeX Info: Redefining \Big on input line 722.
LaTeX Info: Redefining \bigg on input line 723.
LaTeX Info: Redefining \Bigg on input line 724.
\big@size=\dimen144
LaTeX Font Info:    Redeclaring font encoding OML on input line 742.
LaTeX Font Info:    Redeclaring font encoding OMS on input line 743.
\macc@depth=\count276
LaTeX Info: Redefining \bmod on input line 904.
LaTeX Info: Redefining \pmod on input line 909.
LaTeX Info: Redefining \smash on input line 939.
LaTeX Info: Redefining \relbar on input line 969.
LaTeX Info: Redefining \Relbar on input line 970.
\c@MaxMatrixCols=\count277
\dotsspace@=\muskip17
\c@parentequation=\count278
\dspbrk@lvl=\count279
\tag@help=\toks20
\row@=\count280
\column@=\count281
\maxfields@=\count282
\andhelp@=\toks21
\eqnshift@=\dimen145
\alignsep@=\dimen146
\tagshift@=\dimen147
\tagwidth@=\dimen148
\totwidth@=\dimen149
\lineht@=\dimen150
\@envbody=\toks22
\multlinegap=\skip52
\multlinetaggap=\skip53
\mathdisplay@stack=\toks23
LaTeX Info: Redefining \[ on input line 2953.
LaTeX Info: Redefining \] on input line 2954.
)
(c:/texlive/2025/texmf-dist/tex/latex/amsfonts/amssymb.sty
Package: amssymb 2013/01/14 v3.01 AMS font symbols

(c:/texlive/2025/texmf-dist/tex/latex/amsfonts/amsfonts.sty
Package: amsfonts 2013/01/14 v3.01 Basic AMSFonts support
\symAMSa=\mathgroup4
\symAMSb=\mathgroup5
LaTeX Font Info:    Redeclaring math symbol \hbar on input line 98.
LaTeX Font Info:    Overwriting math alphabet `\mathfrak' in version `bold'
(Font)                  U/euf/m/n --> U/euf/b/n on input line 106.
))
(c:/texlive/2025/texmf-dist/tex/latex/listings/listings.sty
(c:/texlive/2025/texmf-dist/tex/latex/graphics/keyval.sty
Package: keyval 2022/05/29 v1.15 key=value parser (DPC)
\KV@toks@=\toks24
)
\lst@mode=\count283
\lst@gtempboxa=\box54
\lst@token=\toks25
\lst@length=\count284
\lst@currlwidth=\dimen151
\lst@column=\count285
\lst@pos=\count286
\lst@lostspace=\dimen152
\lst@width=\dimen153
\lst@newlines=\count287
\lst@lineno=\count288
\lst@maxwidth=\dimen154

(c:/texlive/2025/texmf-dist/tex/latex/listings/lstpatch.sty
File: lstpatch.sty 2024/09/23 1.10c (Carsten Heinz)
)
(c:/texlive/2025/texmf-dist/tex/latex/listings/lstmisc.sty
File: lstmisc.sty 2024/09/23 1.10c (Carsten Heinz)
\c@lstnumber=\count289
\lst@skipnumbers=\count290
\lst@framebox=\box55
)
(c:/texlive/2025/texmf-dist/tex/latex/listings/listings.cfg
File: listings.cfg 2024/09/23 1.10c listings configuration
))
Package: listings 2024/09/23 1.10c (Carsten Heinz)

(c:/texlive/2025/texmf-dist/tex/latex/amscls/amsthm.sty
Package: amsthm 2020/05/29 v2.20.6
\thm@style=\toks26
\thm@bodyfont=\toks27
\thm@headfont=\toks28
\thm@notefont=\toks29
\thm@headpunct=\toks30
\thm@preskip=\skip54
\thm@postskip=\skip55
\thm@headsep=\skip56
\dth@everypar=\toks31
)
(c:/texlive/2025/texmf-dist/tex/latex/algorithms/algorithm.sty
Package: algorithm 2009/08/24 v0.1 Document Style `algorithm' - floating enviro
nment

(c:/texlive/2025/texmf-dist/tex/latex/float/float.sty
Package: float 2001/11/08 v1.3d Float enhancements (AL)
\c@float@type=\count291
\float@exts=\toks32
\float@box=\box56
\@float@everytoks=\toks33
\@floatcapt=\box57
)
(c:/texlive/2025/texmf-dist/tex/latex/base/ifthen.sty
Package: ifthen 2024/03/16 v1.1e Standard LaTeX ifthen package (DPC)
)
\@float@every@algorithm=\toks34
\c@algorithm=\count292
)
(c:/texlive/2025/texmf-dist/tex/latex/algorithmicx/algpseudocode.sty
Package: algpseudocode 

(c:/texlive/2025/texmf-dist/tex/latex/algorithmicx/algorithmicx.sty
Package: algorithmicx 2005/04/27 v1.2 Algorithmicx

Document Style algorithmicx 1.2 - a greatly improved `algorithmic' style
\c@ALG@line=\count293
\c@ALG@rem=\count294
\c@ALG@nested=\count295
\ALG@tlm=\skip57
\ALG@thistlm=\skip58
\c@ALG@Lnr=\count296
\c@ALG@blocknr=\count297
\c@ALG@storecount=\count298
\c@ALG@tmpcounter=\count299
\ALG@tmplength=\skip59
)
Document Style - pseudocode environments for use with the `algorithmicx' style
) (c:/texlive/2025/texmf-dist/tex/latex/graphics/graphicx.sty
Package: graphicx 2021/09/16 v1.2d Enhanced LaTeX Graphics (DPC,SPQR)

(c:/texlive/2025/texmf-dist/tex/latex/graphics/graphics.sty
Package: graphics 2024/08/06 v1.4g Standard LaTeX Graphics (DPC,SPQR)

(c:/texlive/2025/texmf-dist/tex/latex/graphics/trig.sty
Package: trig 2023/12/02 v1.11 sin cos tan (DPC)
)
(c:/texlive/2025/texmf-dist/tex/latex/graphics-cfg/graphics.cfg
File: graphics.cfg 2016/06/04 v1.11 sample graphics configuration
)
Package graphics Info: Driver file: pdftex.def on input line 106.

(c:/texlive/2025/texmf-dist/tex/latex/graphics-def/pdftex.def
File: pdftex.def 2024/04/13 v1.2c Graphics/color driver for pdftex
))
\Gin@req@height=\dimen155
\Gin@req@width=\dimen156
)
(c:/texlive/2025/texmf-dist/tex/latex/xcolor/xcolor.sty
Package: xcolor 2024/09/29 v3.02 LaTeX color extensions (UK)

(c:/texlive/2025/texmf-dist/tex/latex/graphics-cfg/color.cfg
File: color.cfg 2016/01/02 v1.6 sample color configuration
)
Package xcolor Info: Driver file: pdftex.def on input line 274.

(c:/texlive/2025/texmf-dist/tex/latex/graphics/mathcolor.ltx)
Package xcolor Info: Model `cmy' substituted by `cmy0' on input line 1349.
Package xcolor Info: Model `hsb' substituted by `rgb' on input line 1353.
Package xcolor Info: Model `RGB' extended on input line 1365.
Package xcolor Info: Model `HTML' substituted by `rgb' on input line 1367.
Package xcolor Info: Model `Hsb' substituted by `hsb' on input line 1368.
Package xcolor Info: Model `tHsb' substituted by `hsb' on input line 1369.
Package xcolor Info: Model `HSB' substituted by `hsb' on input line 1370.
Package xcolor Info: Model `Gray' substituted by `gray' on input line 1371.
Package xcolor Info: Model `wave' substituted by `hsb' on input line 1372.
)
(c:/texlive/2025/texmf-dist/tex/latex/hyperref/hyperref.sty
Package: hyperref 2024-11-05 v7.01l Hypertext links for LaTeX

(c:/texlive/2025/texmf-dist/tex/generic/iftex/iftex.sty
Package: iftex 2024/12/12 v1.0g TeX engine tests
)
(c:/texlive/2025/texmf-dist/tex/latex/kvsetkeys/kvsetkeys.sty
Package: kvsetkeys 2022-10-05 v1.19 Key value parser (HO)
)
(c:/texlive/2025/texmf-dist/tex/generic/kvdefinekeys/kvdefinekeys.sty
Package: kvdefinekeys 2019-12-19 v1.6 Define keys (HO)
)
(c:/texlive/2025/texmf-dist/tex/generic/pdfescape/pdfescape.sty
Package: pdfescape 2019/12/09 v1.15 Implements pdfTeX's escape features (HO)

(c:/texlive/2025/texmf-dist/tex/generic/ltxcmds/ltxcmds.sty
Package: ltxcmds 2023-12-04 v1.26 LaTeX kernel commands for general use (HO)
)
(c:/texlive/2025/texmf-dist/tex/generic/pdftexcmds/pdftexcmds.sty
Package: pdftexcmds 2020-06-27 v0.33 Utility functions of pdfTeX for LuaTeX (HO
)

(c:/texlive/2025/texmf-dist/tex/generic/infwarerr/infwarerr.sty
Package: infwarerr 2019/12/03 v1.5 Providing info/warning/error messages (HO)
)
Package pdftexcmds Info: \pdf@primitive is available.
Package pdftexcmds Info: \pdf@ifprimitive is available.
Package pdftexcmds Info: \pdfdraftmode found.
))
(c:/texlive/2025/texmf-dist/tex/latex/hycolor/hycolor.sty
Package: hycolor 2020-01-27 v1.10 Color options for hyperref/bookmark (HO)
)
(c:/texlive/2025/texmf-dist/tex/latex/hyperref/nameref.sty
Package: nameref 2023-11-26 v2.56 Cross-referencing by name of section

(c:/texlive/2025/texmf-dist/tex/latex/refcount/refcount.sty
Package: refcount 2019/12/15 v3.6 Data extraction from label references (HO)
)
(c:/texlive/2025/texmf-dist/tex/generic/gettitlestring/gettitlestring.sty
Package: gettitlestring 2019/12/15 v1.6 Cleanup title references (HO)

(c:/texlive/2025/texmf-dist/tex/latex/kvoptions/kvoptions.sty
Package: kvoptions 2022-06-15 v3.15 Key value format for package options (HO)
))
\c@section@level=\count300
)
(c:/texlive/2025/texmf-dist/tex/latex/etoolbox/etoolbox.sty
Package: etoolbox 2025/02/11 v2.5l e-TeX tools for LaTeX (JAW)
\etb@tempcnta=\count301
)
(c:/texlive/2025/texmf-dist/tex/generic/stringenc/stringenc.sty
Package: stringenc 2019/11/29 v1.12 Convert strings between diff. encodings (HO
)
)
\@linkdim=\dimen157
\Hy@linkcounter=\count302
\Hy@pagecounter=\count303

(c:/texlive/2025/texmf-dist/tex/latex/hyperref/pd1enc.def
File: pd1enc.def 2024-11-05 v7.01l Hyperref: PDFDocEncoding definition (HO)
Now handling font encoding PD1 ...
... no UTF-8 mapping file for font encoding PD1
)
(c:/texlive/2025/texmf-dist/tex/generic/intcalc/intcalc.sty
Package: intcalc 2019/12/15 v1.3 Expandable calculations with integers (HO)
)
\Hy@SavedSpaceFactor=\count304

(c:/texlive/2025/texmf-dist/tex/latex/hyperref/puenc.def
File: puenc.def 2024-11-05 v7.01l Hyperref: PDF Unicode definition (HO)
Now handling font encoding PU ...
... no UTF-8 mapping file for font encoding PU
)
Package hyperref Info: Hyper figures OFF on input line 4157.
Package hyperref Info: Link nesting OFF on input line 4162.
Package hyperref Info: Hyper index ON on input line 4165.
Package hyperref Info: Plain pages OFF on input line 4172.
Package hyperref Info: Backreferencing OFF on input line 4177.
Package hyperref Info: Implicit mode ON; LaTeX internals redefined.
Package hyperref Info: Bookmarks ON on input line 4424.
\c@Hy@tempcnt=\count305

(c:/texlive/2025/texmf-dist/tex/latex/url/url.sty
\Urlmuskip=\muskip18
Package: url 2013/09/16  ver 3.4  Verb mode for urls, etc.
)
LaTeX Info: Redefining \url on input line 4763.
\XeTeXLinkMargin=\dimen158

(c:/texlive/2025/texmf-dist/tex/generic/bitset/bitset.sty
Package: bitset 2019/12/09 v1.3 Handle bit-vector datatype (HO)

(c:/texlive/2025/texmf-dist/tex/generic/bigintcalc/bigintcalc.sty
Package: bigintcalc 2019/12/15 v1.5 Expandable calculations on big integers (HO
)
))
\Fld@menulength=\count306
\Field@Width=\dimen159
\Fld@charsize=\dimen160
Package hyperref Info: Hyper figures OFF on input line 6042.
Package hyperref Info: Link nesting OFF on input line 6047.
Package hyperref Info: Hyper index ON on input line 6050.
Package hyperref Info: backreferencing OFF on input line 6057.
Package hyperref Info: Link coloring OFF on input line 6062.
Package hyperref Info: Link coloring with OCG OFF on input line 6067.
Package hyperref Info: PDF/A mode OFF on input line 6072.

(c:/texlive/2025/texmf-dist/tex/latex/base/atbegshi-ltx.sty
Package: atbegshi-ltx 2021/01/10 v1.0c Emulation of the original atbegshi
package with kernel methods
)
\Hy@abspage=\count307
\c@Item=\count308
\c@Hfootnote=\count309
)
Package hyperref Info: Driver (autodetected): hpdftex.

(c:/texlive/2025/texmf-dist/tex/latex/hyperref/hpdftex.def
File: hpdftex.def 2024-11-05 v7.01l Hyperref driver for pdfTeX

(c:/texlive/2025/texmf-dist/tex/latex/base/atveryend-ltx.sty
Package: atveryend-ltx 2020/08/19 v1.0a Emulation of the original atveryend pac
kage
with kernel methods
)
\Fld@listcount=\count310
\c@bookmark@seq@number=\count311

(c:/texlive/2025/texmf-dist/tex/latex/rerunfilecheck/rerunfilecheck.sty
Package: rerunfilecheck 2022-07-10 v1.10 Rerun checks for auxiliary files (HO)

(c:/texlive/2025/texmf-dist/tex/generic/uniquecounter/uniquecounter.sty
Package: uniquecounter 2019/12/15 v1.4 Provide unlimited unique counter (HO)
)
Package uniquecounter Info: New unique counter `rerunfilecheck' on input line 2
85.
)
\Hy@SectionHShift=\skip60
)
(c:/texlive/2025/texmf-dist/tex/latex/caption/caption.sty
Package: caption 2023/08/05 v3.6o Customizing captions (AR)

(c:/texlive/2025/texmf-dist/tex/latex/caption/caption3.sty
Package: caption3 2023/07/31 v2.4d caption3 kernel (AR)
\caption@tempdima=\dimen161
\captionmargin=\dimen162
\caption@leftmargin=\dimen163
\caption@rightmargin=\dimen164
\caption@width=\dimen165
\caption@indent=\dimen166
\caption@parindent=\dimen167
\caption@hangindent=\dimen168
Package caption Info: Standard document class detected.
)
\c@caption@flags=\count312
\c@continuedfloat=\count313
Package caption Info: float package is loaded.
Package caption Info: hyperref package is loaded.
Package caption Info: listings package is loaded.
)
(c:/texlive/2025/texmf-dist/tex/latex/booktabs/booktabs.sty
Package: booktabs 2020/01/12 v1.61803398 Publication quality tables
\heavyrulewidth=\dimen169
\lightrulewidth=\dimen170
\cmidrulewidth=\dimen171
\belowrulesep=\dimen172
\belowbottomsep=\dimen173
\aboverulesep=\dimen174
\abovetopsep=\dimen175
\cmidrulesep=\dimen176
\cmidrulekern=\dimen177
\defaultaddspace=\dimen178
\@cmidla=\count314
\@cmidlb=\count315
\@aboverulesep=\dimen179
\@belowrulesep=\dimen180
\@thisruleclass=\count316
\@lastruleclass=\count317
\@thisrulewidth=\dimen181
)
(c:/texlive/2025/texmf-dist/tex/latex/tools/tabularx.sty
Package: tabularx 2023/12/11 v2.12a `tabularx' package (DPC)

(c:/texlive/2025/texmf-dist/tex/latex/tools/array.sty
Package: array 2024/10/17 v2.6g Tabular extension package (FMi)
\col@sep=\dimen182
\ar@mcellbox=\box58
\extrarowheight=\dimen183
\NC@list=\toks35
\extratabsurround=\skip61
\backup@length=\skip62
\ar@cellbox=\box59
)
\TX@col@width=\dimen184
\TX@old@table=\dimen185
\TX@old@col=\dimen186
\TX@target=\dimen187
\TX@delta=\dimen188
\TX@cols=\count318
\TX@ftn=\toks36
)
(c:/texlive/2025/texmf-dist/tex/latex/geometry/geometry.sty
Package: geometry 2020/01/02 v5.9 Page Geometry

(c:/texlive/2025/texmf-dist/tex/generic/iftex/ifvtex.sty
Package: ifvtex 2019/10/25 v1.7 ifvtex legacy package. Use iftex instead.
)
\Gm@cnth=\count319
\Gm@cntv=\count320
\c@Gm@tempcnt=\count321
\Gm@bindingoffset=\dimen189
\Gm@wd@mp=\dimen190
\Gm@odd@mp=\dimen191
\Gm@even@mp=\dimen192
\Gm@layoutwidth=\dimen193
\Gm@layoutheight=\dimen194
\Gm@layouthoffset=\dimen195
\Gm@layoutvoffset=\dimen196
\Gm@dimlist=\toks37
)
(c:/texlive/2025/texmf-dist/tex/latex/setspace/setspace.sty
Package: setspace 2022/12/04 v6.7b set line spacing
)
(c:/texlive/2025/texmf-dist/tex/latex/psnfss/times.sty
Package: times 2020/03/25 PSNFSS-v9.3 (SPQR) 
)
(c:/texlive/2025/texmf-dist/tex/latex/titlesec/titlesec.sty
Package: titlesec 2025/01/04 v2.17 Sectioning titles
\ttl@box=\box60
\beforetitleunit=\skip63
\aftertitleunit=\skip64
\ttl@plus=\dimen197
\ttl@minus=\dimen198
\ttl@toksa=\toks38
\titlewidth=\dimen199
\titlewidthlast=\dimen256
\titlewidthfirst=\dimen257
)
(c:/texlive/2025/texmf-dist/tex/latex/psnfss/pifont.sty
Package: pifont 2020/03/25 PSNFSS-v9.3 Pi font support (SPQR) 
LaTeX Font Info:    Trying to load font information for U+pzd on input line 63.


(c:/texlive/2025/texmf-dist/tex/latex/psnfss/upzd.fd
File: upzd.fd 2001/06/04 font definitions for U/pzd.
)
LaTeX Font Info:    Trying to load font information for U+psy on input line 64.


(c:/texlive/2025/texmf-dist/tex/latex/psnfss/upsy.fd
File: upsy.fd 2001/06/04 font definitions for U/psy.
))
(c:/texlive/2025/texmf-dist/tex/latex/pgf/frontendlayer/tikz.sty
(c:/texlive/2025/texmf-dist/tex/latex/pgf/basiclayer/pgf.sty
(c:/texlive/2025/texmf-dist/tex/latex/pgf/utilities/pgfrcs.sty
(c:/texlive/2025/texmf-dist/tex/generic/pgf/utilities/pgfutil-common.tex
\pgfutil@everybye=\toks39
\pgfutil@tempdima=\dimen258
\pgfutil@tempdimb=\dimen259
)
(c:/texlive/2025/texmf-dist/tex/generic/pgf/utilities/pgfutil-latex.def
\pgfutil@abb=\box61
)
(c:/texlive/2025/texmf-dist/tex/generic/pgf/utilities/pgfrcs.code.tex
(c:/texlive/2025/texmf-dist/tex/generic/pgf/pgf.revision.tex)
Package: pgfrcs 2023-01-15 v3.1.10 (3.1.10)
))
Package: pgf 2023-01-15 v3.1.10 (3.1.10)

(c:/texlive/2025/texmf-dist/tex/latex/pgf/basiclayer/pgfcore.sty
(c:/texlive/2025/texmf-dist/tex/latex/pgf/systemlayer/pgfsys.sty
(c:/texlive/2025/texmf-dist/tex/generic/pgf/systemlayer/pgfsys.code.tex
Package: pgfsys 2023-01-15 v3.1.10 (3.1.10)

(c:/texlive/2025/texmf-dist/tex/generic/pgf/utilities/pgfkeys.code.tex
\pgfkeys@pathtoks=\toks40
\pgfkeys@temptoks=\toks41

(c:/texlive/2025/texmf-dist/tex/generic/pgf/utilities/pgfkeyslibraryfiltered.co
de.tex
\pgfkeys@tmptoks=\toks42
))
\pgf@x=\dimen260
\pgf@y=\dimen261
\pgf@xa=\dimen262
\pgf@ya=\dimen263
\pgf@xb=\dimen264
\pgf@yb=\dimen265
\pgf@xc=\dimen266
\pgf@yc=\dimen267
\pgf@xd=\dimen268
\pgf@yd=\dimen269
\w@pgf@writea=\write3
\r@pgf@reada=\read2
\c@pgf@counta=\count322
\c@pgf@countb=\count323
\c@pgf@countc=\count324
\c@pgf@countd=\count325
\t@pgf@toka=\toks43
\t@pgf@tokb=\toks44
\t@pgf@tokc=\toks45
\pgf@sys@id@count=\count326
 (c:/texlive/2025/texmf-dist/tex/generic/pgf/systemlayer/pgf.cfg
File: pgf.cfg 2023-01-15 v3.1.10 (3.1.10)
)
Driver file for pgf: pgfsys-pdftex.def

(c:/texlive/2025/texmf-dist/tex/generic/pgf/systemlayer/pgfsys-pdftex.def
File: pgfsys-pdftex.def 2023-01-15 v3.1.10 (3.1.10)

(c:/texlive/2025/texmf-dist/tex/generic/pgf/systemlayer/pgfsys-common-pdf.def
File: pgfsys-common-pdf.def 2023-01-15 v3.1.10 (3.1.10)
)))
(c:/texlive/2025/texmf-dist/tex/generic/pgf/systemlayer/pgfsyssoftpath.code.tex
File: pgfsyssoftpath.code.tex 2023-01-15 v3.1.10 (3.1.10)
\pgfsyssoftpath@smallbuffer@items=\count327
\pgfsyssoftpath@bigbuffer@items=\count328
)
(c:/texlive/2025/texmf-dist/tex/generic/pgf/systemlayer/pgfsysprotocol.code.tex
File: pgfsysprotocol.code.tex 2023-01-15 v3.1.10 (3.1.10)
)) (c:/texlive/2025/texmf-dist/tex/generic/pgf/basiclayer/pgfcore.code.tex
Package: pgfcore 2023-01-15 v3.1.10 (3.1.10)

(c:/texlive/2025/texmf-dist/tex/generic/pgf/math/pgfmath.code.tex
(c:/texlive/2025/texmf-dist/tex/generic/pgf/math/pgfmathutil.code.tex)
(c:/texlive/2025/texmf-dist/tex/generic/pgf/math/pgfmathparser.code.tex
\pgfmath@dimen=\dimen270
\pgfmath@count=\count329
\pgfmath@box=\box62
\pgfmath@toks=\toks46
\pgfmath@stack@operand=\toks47
\pgfmath@stack@operation=\toks48
)
(c:/texlive/2025/texmf-dist/tex/generic/pgf/math/pgfmathfunctions.code.tex)
(c:/texlive/2025/texmf-dist/tex/generic/pgf/math/pgfmathfunctions.basic.code.te
x)
(c:/texlive/2025/texmf-dist/tex/generic/pgf/math/pgfmathfunctions.trigonometric
.code.tex)
(c:/texlive/2025/texmf-dist/tex/generic/pgf/math/pgfmathfunctions.random.code.t
ex)
(c:/texlive/2025/texmf-dist/tex/generic/pgf/math/pgfmathfunctions.comparison.co
de.tex)
(c:/texlive/2025/texmf-dist/tex/generic/pgf/math/pgfmathfunctions.base.code.tex
)
(c:/texlive/2025/texmf-dist/tex/generic/pgf/math/pgfmathfunctions.round.code.te
x)
(c:/texlive/2025/texmf-dist/tex/generic/pgf/math/pgfmathfunctions.misc.code.tex
)
(c:/texlive/2025/texmf-dist/tex/generic/pgf/math/pgfmathfunctions.integerarithm
etics.code.tex)
(c:/texlive/2025/texmf-dist/tex/generic/pgf/math/pgfmathcalc.code.tex)
(c:/texlive/2025/texmf-dist/tex/generic/pgf/math/pgfmathfloat.code.tex
\c@pgfmathroundto@lastzeros=\count330
))
(c:/texlive/2025/texmf-dist/tex/generic/pgf/math/pgfint.code.tex)
(c:/texlive/2025/texmf-dist/tex/generic/pgf/basiclayer/pgfcorepoints.code.tex
File: pgfcorepoints.code.tex 2023-01-15 v3.1.10 (3.1.10)
\pgf@picminx=\dimen271
\pgf@picmaxx=\dimen272
\pgf@picminy=\dimen273
\pgf@picmaxy=\dimen274
\pgf@pathminx=\dimen275
\pgf@pathmaxx=\dimen276
\pgf@pathminy=\dimen277
\pgf@pathmaxy=\dimen278
\pgf@xx=\dimen279
\pgf@xy=\dimen280
\pgf@yx=\dimen281
\pgf@yy=\dimen282
\pgf@zx=\dimen283
\pgf@zy=\dimen284
)
(c:/texlive/2025/texmf-dist/tex/generic/pgf/basiclayer/pgfcorepathconstruct.cod
e.tex
File: pgfcorepathconstruct.code.tex 2023-01-15 v3.1.10 (3.1.10)
\pgf@path@lastx=\dimen285
\pgf@path@lasty=\dimen286
)
(c:/texlive/2025/texmf-dist/tex/generic/pgf/basiclayer/pgfcorepathusage.code.te
x
File: pgfcorepathusage.code.tex 2023-01-15 v3.1.10 (3.1.10)
\pgf@shorten@end@additional=\dimen287
\pgf@shorten@start@additional=\dimen288
)
(c:/texlive/2025/texmf-dist/tex/generic/pgf/basiclayer/pgfcorescopes.code.tex
File: pgfcorescopes.code.tex 2023-01-15 v3.1.10 (3.1.10)
\pgfpic=\box63
\pgf@hbox=\box64
\pgf@layerbox@main=\box65
\pgf@picture@serial@count=\count331
)
(c:/texlive/2025/texmf-dist/tex/generic/pgf/basiclayer/pgfcoregraphicstate.code
.tex
File: pgfcoregraphicstate.code.tex 2023-01-15 v3.1.10 (3.1.10)
\pgflinewidth=\dimen289
)
(c:/texlive/2025/texmf-dist/tex/generic/pgf/basiclayer/pgfcoretransformations.c
ode.tex
File: pgfcoretransformations.code.tex 2023-01-15 v3.1.10 (3.1.10)
\pgf@pt@x=\dimen290
\pgf@pt@y=\dimen291
\pgf@pt@temp=\dimen292
)
(c:/texlive/2025/texmf-dist/tex/generic/pgf/basiclayer/pgfcorequick.code.tex
File: pgfcorequick.code.tex 2023-01-15 v3.1.10 (3.1.10)
)
(c:/texlive/2025/texmf-dist/tex/generic/pgf/basiclayer/pgfcoreobjects.code.tex
File: pgfcoreobjects.code.tex 2023-01-15 v3.1.10 (3.1.10)
)
(c:/texlive/2025/texmf-dist/tex/generic/pgf/basiclayer/pgfcorepathprocessing.co
de.tex
File: pgfcorepathprocessing.code.tex 2023-01-15 v3.1.10 (3.1.10)
)
(c:/texlive/2025/texmf-dist/tex/generic/pgf/basiclayer/pgfcorearrows.code.tex
File: pgfcorearrows.code.tex 2023-01-15 v3.1.10 (3.1.10)
\pgfarrowsep=\dimen293
)
(c:/texlive/2025/texmf-dist/tex/generic/pgf/basiclayer/pgfcoreshade.code.tex
File: pgfcoreshade.code.tex 2023-01-15 v3.1.10 (3.1.10)
\pgf@max=\dimen294
\pgf@sys@shading@range@num=\count332
\pgf@shadingcount=\count333
)
(c:/texlive/2025/texmf-dist/tex/generic/pgf/basiclayer/pgfcoreimage.code.tex
File: pgfcoreimage.code.tex 2023-01-15 v3.1.10 (3.1.10)
)
(c:/texlive/2025/texmf-dist/tex/generic/pgf/basiclayer/pgfcoreexternal.code.tex
File: pgfcoreexternal.code.tex 2023-01-15 v3.1.10 (3.1.10)
\pgfexternal@startupbox=\box66
) (c:/texlive/2025/texmf-dist/tex/generic/pgf/basiclayer/pgfcorelayers.code.tex
File: pgfcorelayers.code.tex 2023-01-15 v3.1.10 (3.1.10)
)
(c:/texlive/2025/texmf-dist/tex/generic/pgf/basiclayer/pgfcoretransparency.code
.tex
File: pgfcoretransparency.code.tex 2023-01-15 v3.1.10 (3.1.10)
)
(c:/texlive/2025/texmf-dist/tex/generic/pgf/basiclayer/pgfcorepatterns.code.tex
File: pgfcorepatterns.code.tex 2023-01-15 v3.1.10 (3.1.10)
) (c:/texlive/2025/texmf-dist/tex/generic/pgf/basiclayer/pgfcorerdf.code.tex
File: pgfcorerdf.code.tex 2023-01-15 v3.1.10 (3.1.10)
))) (c:/texlive/2025/texmf-dist/tex/generic/pgf/modules/pgfmoduleshapes.code.te
x
File: pgfmoduleshapes.code.tex 2023-01-15 v3.1.10 (3.1.10)
\pgfnodeparttextbox=\box67
)
(c:/texlive/2025/texmf-dist/tex/generic/pgf/modules/pgfmoduleplot.code.tex
File: pgfmoduleplot.code.tex 2023-01-15 v3.1.10 (3.1.10)
)
(c:/texlive/2025/texmf-dist/tex/latex/pgf/compatibility/pgfcomp-version-0-65.st
y
Package: pgfcomp-version-0-65 2023-01-15 v3.1.10 (3.1.10)
\pgf@nodesepstart=\dimen295
\pgf@nodesepend=\dimen296
)
(c:/texlive/2025/texmf-dist/tex/latex/pgf/compatibility/pgfcomp-version-1-18.st
y
Package: pgfcomp-version-1-18 2023-01-15 v3.1.10 (3.1.10)
)) (c:/texlive/2025/texmf-dist/tex/latex/pgf/utilities/pgffor.sty
(c:/texlive/2025/texmf-dist/tex/latex/pgf/utilities/pgfkeys.sty
(c:/texlive/2025/texmf-dist/tex/generic/pgf/utilities/pgfkeys.code.tex))
(c:/texlive/2025/texmf-dist/tex/latex/pgf/math/pgfmath.sty
(c:/texlive/2025/texmf-dist/tex/generic/pgf/math/pgfmath.code.tex))
(c:/texlive/2025/texmf-dist/tex/generic/pgf/utilities/pgffor.code.tex
Package: pgffor 2023-01-15 v3.1.10 (3.1.10)
\pgffor@iter=\dimen297
\pgffor@skip=\dimen298
\pgffor@stack=\toks49
\pgffor@toks=\toks50
))
(c:/texlive/2025/texmf-dist/tex/generic/pgf/frontendlayer/tikz/tikz.code.tex
Package: tikz 2023-01-15 v3.1.10 (3.1.10)

(c:/texlive/2025/texmf-dist/tex/generic/pgf/libraries/pgflibraryplothandlers.co
de.tex
File: pgflibraryplothandlers.code.tex 2023-01-15 v3.1.10 (3.1.10)
\pgf@plot@mark@count=\count334
\pgfplotmarksize=\dimen299
)
\tikz@lastx=\dimen300
\tikz@lasty=\dimen301
\tikz@lastxsaved=\dimen302
\tikz@lastysaved=\dimen303
\tikz@lastmovetox=\dimen304
\tikz@lastmovetoy=\dimen305
\tikzleveldistance=\dimen306
\tikzsiblingdistance=\dimen307
\tikz@figbox=\box68
\tikz@figbox@bg=\box69
\tikz@tempbox=\box70
\tikz@tempbox@bg=\box71
\tikztreelevel=\count335
\tikznumberofchildren=\count336
\tikznumberofcurrentchild=\count337
\tikz@fig@count=\count338

(c:/texlive/2025/texmf-dist/tex/generic/pgf/modules/pgfmodulematrix.code.tex
File: pgfmodulematrix.code.tex 2023-01-15 v3.1.10 (3.1.10)
\pgfmatrixcurrentrow=\count339
\pgfmatrixcurrentcolumn=\count340
\pgf@matrix@numberofcolumns=\count341
)
\tikz@expandcount=\count342

(c:/texlive/2025/texmf-dist/tex/generic/pgf/frontendlayer/tikz/libraries/tikzli
brarytopaths.code.tex
File: tikzlibrarytopaths.code.tex 2023-01-15 v3.1.10 (3.1.10)
)))
(c:/texlive/2025/texmf-dist/tex/generic/pgf/frontendlayer/tikz/libraries/tikzli
brarycalc.code.tex
File: tikzlibrarycalc.code.tex 2023-01-15 v3.1.10 (3.1.10)
) (c:/texlive/2025/texmf-dist/tex/latex/biblatex/biblatex.sty
Package: biblatex 2024/03/21 v3.20 programmable bibliographies (PK/MW)
(c:/texlive/2025/texmf-dist/tex/latex/logreq/logreq.sty
Package: logreq 2010/08/04 v1.0 xml request logger
\lrq@indent=\count343

(c:/texlive/2025/texmf-dist/tex/latex/logreq/logreq.def
File: logreq.def 2010/08/04 v1.0 logreq spec v1.0
))
\c@tabx@nest=\count344
\c@listtotal=\count345
\c@listcount=\count346
\c@liststart=\count347
\c@liststop=\count348
\c@citecount=\count349
\c@citetotal=\count350
\c@multicitecount=\count351
\c@multicitetotal=\count352
\c@instcount=\count353
\c@maxnames=\count354
\c@minnames=\count355
\c@maxitems=\count356
\c@minitems=\count357
\c@citecounter=\count358
\c@maxcitecounter=\count359
\c@savedcitecounter=\count360
\c@uniquelist=\count361
\c@uniquename=\count362
\c@refsection=\count363
\c@refsegment=\count364
\c@maxextratitle=\count365
\c@maxextratitleyear=\count366
\c@maxextraname=\count367
\c@maxextradate=\count368
\c@maxextraalpha=\count369
\c@abbrvpenalty=\count370
\c@highnamepenalty=\count371
\c@lownamepenalty=\count372
\c@maxparens=\count373
\c@parenlevel=\count374
\blx@tempcnta=\count375
\blx@tempcntb=\count376
\blx@tempcntc=\count377
\c@blx@maxsection=\count378
\blx@maxsegment@0=\count379
\blx@notetype=\count380
\blx@parenlevel@text=\count381
\blx@parenlevel@foot=\count382
\blx@sectionciteorder@0=\count383
\blx@sectionciteorderinternal@0=\count384
\blx@entrysetcounter=\count385
\blx@biblioinstance=\count386
\labelnumberwidth=\skip65
\labelalphawidth=\skip66
\biblabelsep=\skip67
\bibitemsep=\skip68
\bibnamesep=\skip69
\bibinitsep=\skip70
\bibparsep=\skip71
\bibhang=\skip72
\blx@bcfin=\read3
\blx@bcfout=\write4
\blx@langwohyphens=\language90
\c@mincomprange=\count387
\c@maxcomprange=\count388
\c@mincompwidth=\count389
Package biblatex Info: Trying to load biblatex default data model...
Package biblatex Info: ... file 'blx-dm.def' found.

(c:/texlive/2025/texmf-dist/tex/latex/biblatex/blx-dm.def
File: blx-dm.def 2024/03/21 v3.20 biblatex datamodel (PK/MW)
)
Package biblatex Info: Trying to load biblatex style data model...
Package biblatex Info: ... file 'numeric.dbx' not found.
Package biblatex Info: Trying to load biblatex custom data model...
Package biblatex Info: ... file 'biblatex-dm.cfg' not found.
\c@afterword=\count390
\c@savedafterword=\count391
\c@annotator=\count392
\c@savedannotator=\count393
\c@author=\count394
\c@savedauthor=\count395
\c@bookauthor=\count396
\c@savedbookauthor=\count397
\c@commentator=\count398
\c@savedcommentator=\count399
\c@editor=\count400
\c@savededitor=\count401
\c@editora=\count402
\c@savededitora=\count403
\c@editorb=\count404
\c@savededitorb=\count405
\c@editorc=\count406
\c@savededitorc=\count407
\c@foreword=\count408
\c@savedforeword=\count409
\c@holder=\count410
\c@savedholder=\count411
\c@introduction=\count412
\c@savedintroduction=\count413
\c@namea=\count414
\c@savednamea=\count415
\c@nameb=\count416
\c@savednameb=\count417
\c@namec=\count418
\c@savednamec=\count419
\c@translator=\count420
\c@savedtranslator=\count421
\c@shortauthor=\count422
\c@savedshortauthor=\count423
\c@shorteditor=\count424
\c@savedshorteditor=\count425
\c@labelname=\count426
\c@savedlabelname=\count427
\c@institution=\count428
\c@savedinstitution=\count429
\c@lista=\count430
\c@savedlista=\count431
\c@listb=\count432
\c@savedlistb=\count433
\c@listc=\count434
\c@savedlistc=\count435
\c@listd=\count436
\c@savedlistd=\count437
\c@liste=\count438
\c@savedliste=\count439
\c@listf=\count440
\c@savedlistf=\count441
\c@location=\count442
\c@savedlocation=\count443
\c@organization=\count444
\c@savedorganization=\count445
\c@origlocation=\count446
\c@savedoriglocation=\count447
\c@origpublisher=\count448
\c@savedorigpublisher=\count449
\c@publisher=\count450
\c@savedpublisher=\count451
\c@language=\count452
\c@savedlanguage=\count453
\c@origlanguage=\count454
\c@savedoriglanguage=\count455
\c@pageref=\count456
\c@savedpageref=\count457
\shorthandwidth=\skip73
\shortjournalwidth=\skip74
\shortserieswidth=\skip75
\shorttitlewidth=\skip76
\shortauthorwidth=\skip77
\shorteditorwidth=\skip78
\locallabelnumberwidth=\skip79
\locallabelalphawidth=\skip80
\localshorthandwidth=\skip81
\localshortjournalwidth=\skip82
\localshortserieswidth=\skip83
\localshorttitlewidth=\skip84
\localshortauthorwidth=\skip85
\localshorteditorwidth=\skip86
Package biblatex Info: Trying to load compatibility code...
Package biblatex Info: ... file 'blx-compat.def' found.

(c:/texlive/2025/texmf-dist/tex/latex/biblatex/blx-compat.def
File: blx-compat.def 2024/03/21 v3.20 biblatex compatibility (PK/MW)
)
Package biblatex Info: Trying to load generic definitions...
Package biblatex Info: ... file 'biblatex.def' found.

(c:/texlive/2025/texmf-dist/tex/latex/biblatex/biblatex.def
File: biblatex.def 2024/03/21 v3.20 biblatex compatibility (PK/MW)
\c@textcitecount=\count458
\c@textcitetotal=\count459
\c@textcitemaxnames=\count460
\c@biburlbigbreakpenalty=\count461
\c@biburlbreakpenalty=\count462
\c@biburlnumpenalty=\count463
\c@biburlucpenalty=\count464
\c@biburllcpenalty=\count465
\biburlbigskip=\muskip19
\biburlnumskip=\muskip20
\biburlucskip=\muskip21
\biburllcskip=\muskip22
\c@smartand=\count466
)
Package biblatex Info: Trying to load bibliography style 'numeric'...
Package biblatex Info: ... file 'numeric.bbx' found.

(c:/texlive/2025/texmf-dist/tex/latex/biblatex/bbx/numeric.bbx
File: numeric.bbx 2024/03/21 v3.20 biblatex bibliography style (PK/MW)
Package biblatex Info: Trying to load bibliography style 'standard'...
Package biblatex Info: ... file 'standard.bbx' found.

(c:/texlive/2025/texmf-dist/tex/latex/biblatex/bbx/standard.bbx
File: standard.bbx 2024/03/21 v3.20 biblatex bibliography style (PK/MW)
\c@bbx:relatedcount=\count467
\c@bbx:relatedtotal=\count468
))
Package biblatex Info: Trying to load citation style 'numeric'...
Package biblatex Info: ... file 'numeric.cbx' found.

(c:/texlive/2025/texmf-dist/tex/latex/biblatex/cbx/numeric.cbx
File: numeric.cbx 2024/03/21 v3.20 biblatex citation style (PK/MW)
Package biblatex Info: Redefining '\cite'.
Package biblatex Info: Redefining '\parencite'.
Package biblatex Info: Redefining '\footcite'.
Package biblatex Info: Redefining '\footcitetext'.
Package biblatex Info: Redefining '\smartcite'.
Package biblatex Info: Redefining '\supercite'.
Package biblatex Info: Redefining '\textcite'.
Package biblatex Info: Redefining '\textcites'.
Package biblatex Info: Redefining '\cites'.
Package biblatex Info: Redefining '\parencites'.
Package biblatex Info: Redefining '\smartcites'.
)
Package biblatex Info: Trying to load configuration file...
Package biblatex Info: ... file 'biblatex.cfg' found.

(c:/texlive/2025/texmf-dist/tex/latex/biblatex/biblatex.cfg
File: biblatex.cfg 
)
Package biblatex Info: Input encoding 'utf8' detected.
Package biblatex Info: Document encoding is UTF8 ....

(c:/texlive/2025/texmf-dist/tex/latex/l3kernel/expl3.sty
Package: expl3 2025-01-18 L3 programming layer (loader) 

(c:/texlive/2025/texmf-dist/tex/latex/l3backend/l3backend-pdftex.def
File: l3backend-pdftex.def 2024-05-08 L3 backend support: PDF output (pdfTeX)
\l__color_backend_stack_int=\count469
\l__pdf_internal_box=\box72
))
Package biblatex Info: ... and expl3
(biblatex)             2025-01-18 L3 programming layer (loader) 
(biblatex)             is new enough (at least 2020/04/06),
(biblatex)             setting 'casechanger=expl3'.

(c:/texlive/2025/texmf-dist/tex/latex/biblatex/blx-case-expl3.sty
(c:/texlive/2025/texmf-dist/tex/latex/l3packages/xparse/xparse.sty
Package: xparse 2024-08-16 L3 Experimental document command parser
)
Package: blx-case-expl3 2024/03/21 v3.20 expl3 case changing code for biblatex
))
\c@definition=\count470
\c@theorem=\count471
\c@remark=\count472
\@quotelevel=\count473
\@quotereset=\count474
LaTeX Font Info:    Trying to load font information for OT1+ptm on input line 9
0.

(c:/texlive/2025/texmf-dist/tex/latex/psnfss/ot1ptm.fd
File: ot1ptm.fd 2001/06/04 font definitions for OT1/ptm.
) (./main.aux
(./chapters/abstract.aux) (./chapters/introduction.aux)
(./chapters/first_chapter.aux) (./chapters/second_chapter.aux)
(./chapters/conclusion.aux) (./chapters/acknowledgements.aux)
(./chapters/references.aux) (./chapters/appendix.aux))
\openout1 = `main.aux'.

LaTeX Font Info:    Checking defaults for OML/cmm/m/it on input line 90.
LaTeX Font Info:    ... okay on input line 90.
LaTeX Font Info:    Checking defaults for OMS/cmsy/m/n on input line 90.
LaTeX Font Info:    ... okay on input line 90.
LaTeX Font Info:    Checking defaults for OT1/cmr/m/n on input line 90.
LaTeX Font Info:    ... okay on input line 90.
LaTeX Font Info:    Checking defaults for T1/cmr/m/n on input line 90.
LaTeX Font Info:    ... okay on input line 90.
LaTeX Font Info:    Checking defaults for TS1/cmr/m/n on input line 90.
LaTeX Font Info:    ... okay on input line 90.
LaTeX Font Info:    Checking defaults for OMX/cmex/m/n on input line 90.
LaTeX Font Info:    ... okay on input line 90.
LaTeX Font Info:    Checking defaults for U/cmr/m/n on input line 90.
LaTeX Font Info:    ... okay on input line 90.
LaTeX Font Info:    Checking defaults for PD1/pdf/m/n on input line 90.
LaTeX Font Info:    ... okay on input line 90.
LaTeX Font Info:    Checking defaults for PU/pdf/m/n on input line 90.
LaTeX Font Info:    ... okay on input line 90.
\c@lstlisting=\count475

(c:/texlive/2025/texmf-dist/tex/context/base/mkii/supp-pdf.mkii
[Loading MPS to PDF converter (version 2006.09.02).]
\scratchcounter=\count476
\scratchdimen=\dimen308
\scratchbox=\box73
\nofMPsegments=\count477
\nofMParguments=\count478
\everyMPshowfont=\toks51
\MPscratchCnt=\count479
\MPscratchDim=\dimen309
\MPnumerator=\count480
\makeMPintoPDFobject=\count481
\everyMPtoPDFconversion=\toks52
) (c:/texlive/2025/texmf-dist/tex/latex/epstopdf-pkg/epstopdf-base.sty
Package: epstopdf-base 2020-01-24 v2.11 Base part for package epstopdf
Package epstopdf-base Info: Redefining graphics rule for `.eps' on input line 4
85.

(c:/texlive/2025/texmf-dist/tex/latex/latexconfig/epstopdf-sys.cfg
File: epstopdf-sys.cfg 2010/07/13 v1.3 Configuration of (r)epstopdf for TeX Liv
e
))
Package hyperref Info: Link coloring OFF on input line 90.

(./main.out) (./main.out)
\@outlinefile=\write5
\openout5 = `main.out'.

Package caption Info: Begin \AtBeginDocument code.
Package caption Info: End \AtBeginDocument code.

*geometry* driver: auto-detecting
*geometry* detected driver: pdftex
*geometry* verbose mode - [ preamble ] result:
* driver: pdftex
* paper: a4paper
* layout: <same size as paper>
* layoutoffset:(h,v)=(0.0pt,0.0pt)
* modes: 
* h-part:(L,W,R)=(71.13188pt, 455.24411pt, 71.13188pt)
* v-part:(T,H,B)=(71.13188pt, 702.78308pt, 71.13188pt)
* \paperwidth=597.50787pt
* \paperheight=845.04684pt
* \textwidth=455.24411pt
* \textheight=702.78308pt
* \oddsidemargin=-1.1381pt
* \evensidemargin=-1.1381pt
* \topmargin=-38.1381pt
* \headheight=12.0pt
* \headsep=25.0pt
* \topskip=12.0pt
* \footskip=30.0pt
* \marginparwidth=35.0pt
* \marginparsep=10.0pt
* \columnsep=10.0pt
* \skip\footins=10.8pt plus 4.0pt minus 2.0pt
* \hoffset=0.0pt
* \voffset=0.0pt
* \mag=1000
* \@twocolumnfalse
* \@twosidefalse
* \@mparswitchfalse
* \@reversemarginfalse
* (1in=72.27pt=25.4mm, 1cm=28.453pt)

Package biblatex Info: Trying to load language 'english'...
Package biblatex Info: ... file 'english.lbx' found.
(c:/texlive/2025/texmf-dist/tex/latex/biblatex/lbx/english.lbx
File: english.lbx 2024/03/21 v3.20 biblatex localization (PK/MW)
)
Package biblatex Info: Input encoding 'utf8' detected.
Package biblatex Info: Automatic encoding selection.
(biblatex)             Assuming data encoding 'utf8'.
\openout4 = `main.bcf'.

Package biblatex Info: Trying to load bibliographic data...
Package biblatex Info: ... file 'main.bbl' found.
 (./main.bbl)
Package biblatex Info: Reference section=0 on input line 90.
Package biblatex Info: Reference segment=0 on input line 90.
*geometry* verbose mode - [ newgeometry ] result:
* driver: pdftex
* paper: a4paper
* layout: <same size as paper>
* layoutoffset:(h,v)=(0.0pt,0.0pt)
* modes: 
* h-part:(L,W,R)=(57.81621pt, 481.87546pt, 57.81621pt)
* v-part:(T,H,B)=(57.81621pt, 729.41443pt, 57.81621pt)
* \paperwidth=597.50787pt
* \paperheight=845.04684pt
* \textwidth=481.87546pt
* \textheight=729.41443pt
* \oddsidemargin=-14.45378pt
* \evensidemargin=-14.45378pt
* \topmargin=-51.45378pt
* \headheight=12.0pt
* \headsep=25.0pt
* \topskip=12.0pt
* \footskip=30.0pt
* \marginparwidth=35.0pt
* \marginparsep=10.0pt
* \columnsep=10.0pt
* \skip\footins=10.8pt plus 4.0pt minus 2.0pt
* \hoffset=0.0pt
* \voffset=0.0pt
* \mag=1000
* \@twocolumnfalse
* \@twosidefalse
* \@mparswitchfalse
* \@reversemarginfalse
* (1in=72.27pt=25.4mm, 1cm=28.453pt)



[1


{c:/texlive/2025/texmf-var/fonts/map/pdftex/updmap/pdftex.map}{c:/texlive/2025/
texmf-dist/fonts/enc/dvips/base/8r.enc}]
LaTeX Font Info:    Trying to load font information for U+msa on input line 145
.

(c:/texlive/2025/texmf-dist/tex/latex/amsfonts/umsa.fd
File: umsa.fd 2013/01/14 v3.01 AMS symbols A
)
LaTeX Font Info:    Trying to load font information for U+msb on input line 145
.

(c:/texlive/2025/texmf-dist/tex/latex/amsfonts/umsb.fd
File: umsb.fd 2013/01/14 v3.01 AMS symbols B
)


pdfTeX warning (ext4): destination with the same identifier (name{page.1}) has 
been already used, duplicate ignored
<to be read again> 
                   \relax 
l.149 \include{chapters/abstract}
                                  [1

]
\openout2 = `chapters/abstract.aux'.

 (./chapters/abstract.tex


pdfTeX warning (ext4): destination with the same identifier (name{page.1}) has 
been already used, duplicate ignored
<to be read again> 
                   \relax 
l.5 \end{abstract}
                   [1

]) (./main.toc


pdfTeX warning (ext4): destination with the same identifier (name{page.1}) has 
been already used, duplicate ignored
<to be read again> 
                   \relax 
l.31 ...odels for Classification}{56}{section.3.2}
                                                  % [1



])
\tf@toc=\write6
\openout6 = `main.toc'.



[2]
\openout2 = `chapters/introduction.aux'.

 (./chapters/introduction.tex
Chapter 1.

Underfull \hbox (badness 10000) in paragraph at lines 3--21

 []


Underfull \hbox (badness 10000) in paragraph at lines 3--21

 []


Underfull \hbox (badness 10000) in paragraph at lines 3--21

 []


Underfull \hbox (badness 10000) in paragraph at lines 3--21

 []


Underfull \hbox (badness 10000) in paragraph at lines 3--21

 []


Underfull \hbox (badness 10000) in paragraph at lines 3--21

 []


Underfull \hbox (badness 10000) in paragraph at lines 3--21

 []


Underfull \hbox (badness 10000) in paragraph at lines 3--21

 []


Underfull \hbox (badness 10000) in paragraph at lines 3--21

 []


Underfull \hbox (badness 10000) in paragraph at lines 3--21

 []



[3


]

[4]
Underfull \hbox (badness 10000) in paragraph at lines 23--34

 []


Underfull \hbox (badness 10000) in paragraph at lines 23--34

 []


Underfull \hbox (badness 10000) in paragraph at lines 23--34

 []


Underfull \hbox (badness 10000) in paragraph at lines 23--34

 []


Underfull \hbox (badness 10000) in paragraph at lines 23--34

 []


Underfull \hbox (badness 10000) in paragraph at lines 23--34

 []



[5]

[6]

[7]

[8])

[9]
\openout2 = `chapters/first_chapter.aux'.

 (./chapters/first_chapter.tex
Chapter 2.
<../Statistical_Sciences_template/figure/Waveform.png, id=263, 462.528pt x 346.
896pt>
File: ../Statistical_Sciences_template/figure/Waveform.png Graphic file (type p
ng)
<use ../Statistical_Sciences_template/figure/Waveform.png>
Package pdftex.def Info: ../Statistical_Sciences_template/figure/Waveform.png  
used on input line 9.
(pdftex.def)             Requested size: 409.71692pt x 307.302pt.

Underfull \hbox (badness 10000) in paragraph at lines 4--12

 []


Underfull \hbox (badness 10000) in paragraph at lines 4--12

 []



[10




]
(c:/texlive/2025/texmf-dist/tex/generic/pgf/libraries/pgflibraryarrows.meta.cod
e.tex
Underfull \hbox (badness 10000) in paragraph at lines 13--9

 []


Underfull \hbox (badness 10000) in paragraph at lines 13--9

 []

File: pgflibraryarrows.meta.code.tex 2023-01-15 v3.1.10 (3.1.10)
\pgfarrowinset=\dimen310
\pgfarrowlength=\dimen311
\pgfarrowwidth=\dimen312
\pgfarrowlinewidth=\dimen313
)
Underfull \hbox (badness 10000) in paragraph at lines 28--30

 []


Underfull \hbox (badness 10000) in paragraph at lines 32--33

 []



[11 <../Statistical_Sciences_template/figure/Waveform.png>]
Underfull \hbox (badness 10000) in paragraph at lines 35--37

 []


Underfull \hbox (badness 10000) in paragraph at lines 39--42

 []


Underfull \hbox (badness 10000) in paragraph at lines 39--42

 []


Underfull \hbox (badness 10000) in paragraph at lines 45--47

 []


Overfull \hbox (14.28598pt too wide) in paragraph at lines 61--65
[][] 
 []


Underfull \hbox (badness 10000) in paragraph at lines 61--65

 []


Underfull \hbox (badness 10000) in paragraph at lines 61--65

 []



[12]
Underfull \hbox (badness 10000) in paragraph at lines 66--67

 []


Underfull \hbox (badness 10000) in paragraph at lines 71--72

 []


Underfull \hbox (badness 10000) in paragraph at lines 74--76

 []


Underfull \hbox (badness 10000) in paragraph at lines 77--78

 []



[13]
Underfull \hbox (badness 10000) in paragraph at lines 90--92

 []


Underfull \hbox (badness 10000) in paragraph at lines 96--97

 []


Underfull \hbox (badness 10000) in paragraph at lines 99--103

 []


Underfull \hbox (badness 10000) in paragraph at lines 99--103

 []



[14]
Underfull \hbox (badness 10000) in paragraph at lines 109--111

 []


Underfull \hbox (badness 10000) in paragraph at lines 112--117

 []


Underfull \hbox (badness 10000) in paragraph at lines 112--117

 []


Underfull \hbox (badness 10000) in paragraph at lines 119--123

 []


Underfull \hbox (badness 10000) in paragraph at lines 119--123

 []


Underfull \hbox (badness 10000) in paragraph at lines 125--127

 []



[15]
<../Statistical_Sciences_template/figure/example of Mel filters.png, id=319, 72
2.7pt x 433.62pt>
File: ../Statistical_Sciences_template/figure/example of Mel filters.png Graphi
c file (type png)
<use ../Statistical_Sciences_template/figure/example of Mel filters.png>
Package pdftex.def Info: ../Statistical_Sciences_template/figure/example of Mel
 filters.png  used on input line 141.
(pdftex.def)             Requested size: 409.71692pt x 245.82944pt.

Underfull \hbox (badness 10000) in paragraph at lines 135--146

 []


Underfull \hbox (badness 10000) in paragraph at lines 135--146

 []



[16]
Underfull \hbox (badness 10000) in paragraph at lines 148--152

 []


Underfull \hbox (badness 10000) in paragraph at lines 148--152

 []


Underfull \hbox (badness 10000) in paragraph at lines 153--154

 []



[17 <../Statistical_Sciences_template/figure/example of Mel filters.png>]
Underfull \hbox (badness 10000) in paragraph at lines 156--160

 []


Underfull \hbox (badness 10000) in paragraph at lines 156--160

 []


Underfull \hbox (badness 10000) in paragraph at lines 162--163

 []


Underfull \hbox (badness 10000) in paragraph at lines 165--168

 []


Underfull \hbox (badness 10000) in paragraph at lines 170--174

 []



[18]

LaTeX Warning: Command \textunderscore invalid in math mode on input line 175.


LaTeX Warning: Command \textunderscore invalid in math mode on input line 175.


LaTeX Warning: Command \textunderscore invalid in math mode on input line 175.


LaTeX Warning: Command \textunderscore invalid in math mode on input line 175.


LaTeX Warning: Command \textunderscore invalid in math mode on input line 175.

LaTeX Font Info:    Trying to load font information for TS1+ptm on input line 1
80.
(c:/texlive/2025/texmf-dist/tex/latex/psnfss/ts1ptm.fd
File: ts1ptm.fd 2001/06/04 font definitions for TS1/ptm.
)
Underfull \hbox (badness 10000) in paragraph at lines 185--186

 []


LaTeX Warning: Command \textunderscore invalid in math mode on input line 187.


LaTeX Warning: Command \textunderscore invalid in math mode on input line 187.

<../Statistical_Sciences_template/figure/MFCC Example.png, id=340, 722.7pt x 28
9.08pt>
File: ../Statistical_Sciences_template/figure/MFCC Example.png Graphic file (ty
pe png)
<use ../Statistical_Sciences_template/figure/MFCC Example.png>
Package pdftex.def Info: ../Statistical_Sciences_template/figure/MFCC Example.p
ng  used on input line 195.
(pdftex.def)             Requested size: 409.71692pt x 163.88628pt.
<../Statistical_Sciences_template/figure/Low MFCCs.png, id=342, 939.51pt x 433.
62pt>
File: ../Statistical_Sciences_template/figure/Low MFCCs.png Graphic file (type 
png)
<use ../Statistical_Sciences_template/figure/Low MFCCs.png>
Package pdftex.def Info: ../Statistical_Sciences_template/figure/Low MFCCs.png 
 used on input line 203.
(pdftex.def)             Requested size: 409.71692pt x 189.09956pt.
<../Statistical_Sciences_template/figure/High MFCCs.png, id=344, 939.51pt x 433
.62pt>
File: ../Statistical_Sciences_template/figure/High MFCCs.png Graphic file (type
 png)
<use ../Statistical_Sciences_template/figure/High MFCCs.png>
Package pdftex.def Info: ../Statistical_Sciences_template/figure/High MFCCs.png
  used on input line 210.
(pdftex.def)             Requested size: 409.71692pt x 189.09956pt.

Underfull \hbox (badness 10000) in paragraph at lines 188--214

 []


Underfull \hbox (badness 10000) in paragraph at lines 188--214

 []


Underfull \hbox (badness 10000) in paragraph at lines 188--214

 []


Underfull \hbox (badness 10000) in paragraph at lines 188--214

 []


LaTeX Warning: `!h' float specifier changed to `!ht'.



[19]

LaTeX Warning: `!h' float specifier changed to `!ht'.


Underfull \hbox (badness 10000) in paragraph at lines 217--220

 []


Underfull \hbox (badness 10000) in paragraph at lines 217--220

 []



[20 <../Statistical_Sciences_template/figure/MFCC Example.png> <../Statistical_
Sciences_template/figure/Low MFCCs.png>]

[21 <../Statistical_Sciences_template/figure/High MFCCs.png>]
Underfull \hbox (badness 10000) in paragraph at lines 230--232

 []


Underfull \hbox (badness 10000) in paragraph at lines 244--245

 []



[22]
Underfull \hbox (badness 10000) in paragraph at lines 248--252

 []


Underfull \hbox (badness 10000) in paragraph at lines 256--258

 []

<../Statistical_Sciences_template/figure/OSP.png, id=374, 722.7pt x 144.54pt>
File: ../Statistical_Sciences_template/figure/OSP.png Graphic file (type png)
<use ../Statistical_Sciences_template/figure/OSP.png>
Package pdftex.def Info: ../Statistical_Sciences_template/figure/OSP.png  used 
on input line 266.
(pdftex.def)             Requested size: 409.71692pt x 81.94313pt.

Underfull \hbox (badness 10000) in paragraph at lines 271--275

 []


Underfull \hbox (badness 10000) in paragraph at lines 271--275

 []


Underfull \hbox (badness 10000) in paragraph at lines 271--275

 []



[23 <../Statistical_Sciences_template/figure/OSP.png>]
Package hyperref Info: bookmark level for unknown algorithm defaults to 0 on in
put line 279.

Underfull \hbox (badness 10000) in paragraph at lines 277--301

 []


Underfull \hbox (badness 10000) in paragraph at lines 302--306

 []



[24]

LaTeX Warning: Command \textunderscore invalid in math mode on input line 314.


LaTeX Warning: Command \textunderscore invalid in math mode on input line 315.


LaTeX Warning: Command \textunderscore invalid in math mode on input line 316.


LaTeX Warning: Command \textunderscore invalid in math mode on input line 317.


LaTeX Warning: Command \textunderscore invalid in math mode on input line 317.


LaTeX Warning: Command \textunderscore invalid in math mode on input line 318.


LaTeX Warning: Command \textunderscore invalid in math mode on input line 320.


LaTeX Warning: Command \textunderscore invalid in math mode on input line 321.


Underfull \hbox (badness 10000) in paragraph at lines 307--328

 []


Underfull \hbox (badness 10000) in paragraph at lines 307--328

 []


LaTeX Warning: Command \textunderscore invalid in math mode on input line 336.


LaTeX Warning: Command \textunderscore invalid in math mode on input line 342.


LaTeX Warning: Command \textunderscore invalid in math mode on input line 342.


Underfull \hbox (badness 10000) in paragraph at lines 330--347

 []


Underfull \hbox (badness 10000) in paragraph at lines 330--347

 []



[25]
Underfull \hbox (badness 10000) in paragraph at lines 348--351

 []


LaTeX Warning: Command \textunderscore invalid in math mode on input line 361.


LaTeX Warning: Command \textunderscore invalid in math mode on input line 361.


LaTeX Warning: Command \textunderscore invalid in math mode on input line 365.


LaTeX Warning: Command \textunderscore invalid in math mode on input line 365.


LaTeX Warning: Command \textunderscore invalid in math mode on input line 365.


LaTeX Warning: Command \textunderscore invalid in math mode on input line 366.


LaTeX Warning: Command \textunderscore invalid in math mode on input line 378.



[26]
Underfull \hbox (badness 10000) in paragraph at lines 386--389

 []


Underfull \hbox (badness 10000) in paragraph at lines 393--396

 []



[27]

LaTeX Warning: Command \textunderscore invalid in math mode on input line 407.


LaTeX Warning: Command \textunderscore invalid in math mode on input line 408.


LaTeX Warning: Command \textunderscore invalid in math mode on input line 409.


LaTeX Warning: Command \textunderscore invalid in math mode on input line 410.


LaTeX Warning: Command \textunderscore invalid in math mode on input line 412.


LaTeX Warning: Command \textunderscore invalid in math mode on input line 415.


LaTeX Warning: Command \textunderscore invalid in math mode on input line 417.


LaTeX Warning: Command \textunderscore invalid in math mode on input line 418.


LaTeX Warning: Command \textunderscore invalid in math mode on input line 419.


LaTeX Warning: Command \textunderscore invalid in math mode on input line 420.


LaTeX Warning: Command \textunderscore invalid in math mode on input line 420.


LaTeX Warning: Command \textunderscore invalid in math mode on input line 426.


LaTeX Warning: Command \textunderscore invalid in math mode on input line 426.


LaTeX Warning: Command \textunderscore invalid in math mode on input line 426.


Underfull \hbox (badness 10000) in paragraph at lines 401--431

 []


Underfull \hbox (badness 10000) in paragraph at lines 432--435

 []



[28]

LaTeX Warning: Command \textunderscore invalid in math mode on input line 449.


LaTeX Warning: Command \textunderscore invalid in math mode on input line 450.


LaTeX Warning: Command \textunderscore invalid in math mode on input line 450.


LaTeX Warning: Command \textunderscore invalid in math mode on input line 450.


LaTeX Warning: Command \textunderscore invalid in math mode on input line 450.


LaTeX Warning: Command \textunderscore invalid in math mode on input line 456.


LaTeX Warning: Command \textunderscore invalid in math mode on input line 457.


LaTeX Warning: Command \textunderscore invalid in math mode on input line 457.


LaTeX Warning: Command \textunderscore invalid in math mode on input line 458.


LaTeX Warning: Command \textunderscore invalid in math mode on input line 458.


LaTeX Warning: Command \textunderscore invalid in math mode on input line 461.


LaTeX Warning: Command \textunderscore invalid in math mode on input line 461.


Underfull \hbox (badness 10000) in paragraph at lines 441--471

 []


Underfull \hbox (badness 10000) in paragraph at lines 441--471

 []



[29]
Underfull \hbox (badness 10000) in paragraph at lines 472--477

 []


Underfull \hbox (badness 10000) in paragraph at lines 472--477

 []


Underfull \hbox (badness 10000) in paragraph at lines 472--477

 []



[30]
Underfull \hbox (badness 10000) in paragraph at lines 479--482

 []


Underfull \hbox (badness 10000) in paragraph at lines 484--488

 []


Underfull \hbox (badness 10000) in paragraph at lines 484--488

 []


Underfull \hbox (badness 10000) in paragraph at lines 490--493

 []

<../Statistical_Sciences_template/figure/Times Series of Three Classes.png, id=
434, 867.24pt x 433.62pt>
File: ../Statistical_Sciences_template/figure/Times Series of Three Classes.png
 Graphic file (type png)
<use ../Statistical_Sciences_template/figure/Times Series of Three Classes.png>

Package pdftex.def Info: ../Statistical_Sciences_template/figure/Times Series o
f Three Classes.png  used on input line 501.
(pdftex.def)             Requested size: 409.71692pt x 204.86006pt.

Underfull \hbox (badness 10000) in paragraph at lines 495--505

 []



[31]
<../Statistical_Sciences_template/figure/Confusion matrix of Shapelet Example.p
ng, id=440, 433.62pt x 289.08pt>
File: ../Statistical_Sciences_template/figure/Confusion matrix of Shapelet Exam
ple.png Graphic file (type png)
<use ../Statistical_Sciences_template/figure/Confusion matrix of Shapelet Examp
le.png>
Package pdftex.def Info: ../Statistical_Sciences_template/figure/Confusion matr
ix of Shapelet Example.png  used on input line 509.
(pdftex.def)             Requested size: 409.71692pt x 273.15997pt.


LaTeX Warning: `!h' float specifier changed to `!ht'.


Overfull \hbox (28.32715pt too wide) in paragraph at lines 514--517
\OT1/ptm/m/n/12 In this ex-per-i-ment, the min-i-mum and max-i-mum al-low-able 
lengths for can-di-date shapelets||denoted
 []


Underfull \hbox (badness 10000) in paragraph at lines 514--517

 []


Underfull \hbox (badness 10000) in paragraph at lines 514--517

 []



[32 <../Statistical_Sciences_template/figure/Times Series of Three Classes.png>
]
<../Statistical_Sciences_template/figure/Shapelet and Test Set.png, id=452, 722
.7pt x 433.62pt>
File: ../Statistical_Sciences_template/figure/Shapelet and Test Set.png Graphic
 file (type png)
<use ../Statistical_Sciences_template/figure/Shapelet and Test Set.png>
Package pdftex.def Info: ../Statistical_Sciences_template/figure/Shapelet and T
est Set.png  used on input line 537.
(pdftex.def)             Requested size: 409.71692pt x 245.82944pt.
<../Statistical_Sciences_template/figure/Shapelet and Train Set.png, id=454, 72
2.7pt x 433.62pt>
File: ../Statistical_Sciences_template/figure/Shapelet and Train Set.png Graphi
c file (type png)
<use ../Statistical_Sciences_template/figure/Shapelet and Train Set.png>
Package pdftex.def Info: ../Statistical_Sciences_template/figure/Shapelet and T
rain Set.png  used on input line 546.
(pdftex.def)             Requested size: 409.71692pt x 245.82944pt.

Underfull \hbox (badness 10000) in paragraph at lines 534--550

 []



[33 <../Statistical_Sciences_template/figure/Confusion matrix of Shapelet Examp
le.png>]

[34 <../Statistical_Sciences_template/figure/Shapelet and Test Set.png>]
Underfull \hbox (badness 10000) in paragraph at lines 552--556

 []


Underfull \hbox (badness 10000) in paragraph at lines 552--556

 []


Underfull \hbox (badness 10000) in paragraph at lines 552--556

 []



[35 <../Statistical_Sciences_template/figure/Shapelet and Train Set.png>]
Underfull \hbox (badness 10000) in paragraph at lines 557--561

 []


Underfull \hbox (badness 10000) in paragraph at lines 557--561

 []


Underfull \hbox (badness 10000) in paragraph at lines 557--561

 []


Underfull \hbox (badness 10000) in paragraph at lines 562--565

 []


Underfull \hbox (badness 10000) in paragraph at lines 562--565

 []



[36]
Underfull \hbox (badness 10000) in paragraph at lines 567--571

 []


Underfull \hbox (badness 10000) in paragraph at lines 567--571

 []


Underfull \hbox (badness 10000) in paragraph at lines 579--581

 []


Underfull \hbox (badness 10000) in paragraph at lines 579--581

 []


Underfull \hbox (badness 10000) in paragraph at lines 582--585

 []


Underfull \hbox (badness 10000) in paragraph at lines 582--585

 []



[37]
Underfull \hbox (badness 10000) in paragraph at lines 587--590

 []


LaTeX Warning: Command \textunderscore invalid in math mode on input line 591.


Underfull \hbox (badness 10000) in paragraph at lines 592--600

 []


Underfull \hbox (badness 10000) in paragraph at lines 592--600

 []


Underfull \hbox (badness 10000) in paragraph at lines 592--600

 []


Underfull \hbox (badness 10000) in paragraph at lines 592--600

 []



[38]
Underfull \hbox (badness 10000) in paragraph at lines 601--604

 []


Underfull \hbox (badness 10000) in paragraph at lines 601--604

 []


Underfull \hbox (badness 10000) in paragraph at lines 607--611

 []


Underfull \hbox (badness 10000) in paragraph at lines 607--611

 []


Underfull \hbox (badness 10000) in paragraph at lines 614--616

 []


Underfull \hbox (badness 10000) in paragraph at lines 618--620

 []



[39]
Underfull \hbox (badness 10000) in paragraph at lines 626--629

 []


Underfull \hbox (badness 10000) in paragraph at lines 626--629

 []


Underfull \hbox (badness 10000) in paragraph at lines 631--632

 []


Underfull \hbox (badness 10000) in paragraph at lines 638--640

 []


Underfull \hbox (badness 10000) in paragraph at lines 642--644

 []


Underfull \hbox (badness 10000) in paragraph at lines 646--650

 []


Underfull \hbox (badness 10000) in paragraph at lines 646--650

 []



[40]
Underfull \hbox (badness 10000) in paragraph at lines 660--663

 []


Underfull \hbox (badness 10000) in paragraph at lines 660--663

 []


Underfull \hbox (badness 10000) in paragraph at lines 665--668

 []


Underfull \hbox (badness 10000) in paragraph at lines 665--668

 []



[41]
Underfull \hbox (badness 10000) in paragraph at lines 670--679

 []


Underfull \hbox (badness 10000) in paragraph at lines 670--679

 []


Underfull \hbox (badness 10000) in paragraph at lines 670--679

 []


Underfull \hbox (badness 10000) in paragraph at lines 670--679

 []


Underfull \hbox (badness 10000) in paragraph at lines 670--679

 []


Underfull \hbox (badness 10000) in paragraph at lines 681--684

 []


Underfull \hbox (badness 10000) in paragraph at lines 681--684

 []



[42]
Underfull \hbox (badness 10000) in paragraph at lines 686--688

 []


Underfull \hbox (badness 10000) in paragraph at lines 691--695

 []


Underfull \hbox (badness 10000) in paragraph at lines 697--699

 []


Underfull \hbox (badness 10000) in paragraph at lines 701--705

 []


Underfull \hbox (badness 10000) in paragraph at lines 701--705

 []


Underfull \hbox (badness 10000) in paragraph at lines 711--715

 []


Underfull \hbox (badness 10000) in paragraph at lines 711--715

 []



[43])

[44]
\openout2 = `chapters/second_chapter.aux'.

 (./chapters/second_chapter.tex
Chapter 3.

Underfull \hbox (badness 10000) in paragraph at lines 2--8

 []


Underfull \hbox (badness 10000) in paragraph at lines 2--8

 []


Underfull \hbox (badness 10000) in paragraph at lines 2--8

 []


Underfull \hbox (badness 10000) in paragraph at lines 10--13

 []



[45




]
Underfull \hbox (badness 10000) in paragraph at lines 14--19

 []


Underfull \hbox (badness 10000) in paragraph at lines 14--19

 []


Underfull \hbox (badness 10000) in paragraph at lines 20--22

 []


Underfull \hbox (badness 10000) in paragraph at lines 20--22

 []


Underfull \hbox (badness 10000) in paragraph at lines 24--27

 []


Underfull \hbox (badness 10000) in paragraph at lines 24--27

 []



[46]
Underfull \hbox (badness 10000) in paragraph at lines 28--33

 []


Underfull \hbox (badness 10000) in paragraph at lines 28--33

 []


Underfull \hbox (badness 10000) in paragraph at lines 45--48

 []



[47]
Underfull \hbox (badness 10000) in paragraph at lines 50--62

 []


Underfull \hbox (badness 10000) in paragraph at lines 50--62

 []


Underfull \hbox (badness 10000) in paragraph at lines 50--62

 []


Underfull \hbox (badness 10000) in paragraph at lines 50--62

 []


Underfull \hbox (badness 10000) in paragraph at lines 50--62

 []



[48]
Underfull \hbox (badness 10000) in paragraph at lines 66--68

 []


Underfull \hbox (badness 10000) in paragraph at lines 66--68

 []


Underfull \hbox (badness 10000) in paragraph at lines 69--82

 []


Underfull \hbox (badness 10000) in paragraph at lines 69--82

 []


Underfull \hbox (badness 10000) in paragraph at lines 69--82

 []


Underfull \hbox (badness 10000) in paragraph at lines 69--82

 []


Underfull \hbox (badness 10000) in paragraph at lines 69--82

 []


Underfull \hbox (badness 10000) in paragraph at lines 69--82

 []


Underfull \hbox (badness 10000) in paragraph at lines 69--82

 []



[49]
Underfull \hbox (badness 10000) in paragraph at lines 84--87

 []



[50]
Underfull \hbox (badness 10000) in paragraph at lines 89--91

 []


Underfull \hbox (badness 10000) in paragraph at lines 93--97

 []


Underfull \hbox (badness 10000) in paragraph at lines 93--97

 []

<../Statistical_Sciences_template/figure/MDS of 20s_2048_512 Features Using Com
plete Linkage.png, id=574, 1517.67pt x 867.24pt>
File: ../Statistical_Sciences_template/figure/MDS of 20s_2048_512 Features Usin
g Complete Linkage.png Graphic file (type png)
<use ../Statistical_Sciences_template/figure/MDS of 20s_2048_512 Features Using
 Complete Linkage.png>
Package pdftex.def Info: ../Statistical_Sciences_template/figure/MDS of 20s_204
8_512 Features Using Complete Linkage.png  used on input line 106.
(pdftex.def)             Requested size: 409.71692pt x 234.11823pt.

Underfull \hbox (badness 10000) in paragraph at lines 99--109

 []


Underfull \hbox (badness 10000) in paragraph at lines 99--109

 []


Underfull \hbox (badness 10000) in paragraph at lines 99--109

 []



[51]
<../Statistical_Sciences_template/figure/MDS of 20s_1024_128 Features Using Sin
gle Linkage.png, id=585, 1517.67pt x 867.24pt>
File: ../Statistical_Sciences_template/figure/MDS of 20s_1024_128 Features Usin
g Single Linkage.png Graphic file (type png)
<use ../Statistical_Sciences_template/figure/MDS of 20s_1024_128 Features Using
 Single Linkage.png>
Package pdftex.def Info: ../Statistical_Sciences_template/figure/MDS of 20s_102
4_128 Features Using Single Linkage.png  used on input line 122.
(pdftex.def)             Requested size: 409.71692pt x 234.11823pt.
<../Statistical_Sciences_template/figure/MDS of 20s_2048_512 Features Using PAM
.png, id=587, 1517.67pt x 867.24pt>
File: ../Statistical_Sciences_template/figure/MDS of 20s_2048_512 Features Usin
g PAM.png Graphic file (type png)
<use ../Statistical_Sciences_template/figure/MDS of 20s_2048_512 Features Using
 PAM.png>
Package pdftex.def Info: ../Statistical_Sciences_template/figure/MDS of 20s_204
8_512 Features Using PAM.png  used on input line 130.
(pdftex.def)             Requested size: 409.71692pt x 234.11823pt.
<../Statistical_Sciences_template/figure/MDS of Mahanttan Distance 50s.png, id=
589, 722.7pt x 578.16pt>
File: ../Statistical_Sciences_template/figure/MDS of Mahanttan Distance 50s.png
 Graphic file (type png)
<use ../Statistical_Sciences_template/figure/MDS of Mahanttan Distance 50s.png>

Package pdftex.def Info: ../Statistical_Sciences_template/figure/MDS of Mahantt
an Distance 50s.png  used on input line 138.
(pdftex.def)             Requested size: 409.71692pt x 327.77258pt.
<../Statistical_Sciences_template/figure/MDS of Correlation Dissimilarity 50s.p
ng, id=594, 722.7pt x 578.16pt>
File: ../Statistical_Sciences_template/figure/MDS of Correlation Dissimilarity 
50s.png Graphic file (type png)
<use ../Statistical_Sciences_template/figure/MDS of Correlation Dissimilarity 5
0s.png>
Package pdftex.def Info: ../Statistical_Sciences_template/figure/MDS of Correla
tion Dissimilarity 50s.png  used on input line 146.
(pdftex.def)             Requested size: 409.71692pt x 327.77258pt.

Underfull \hbox (badness 10000) in paragraph at lines 110--150

 []


Underfull \hbox (badness 10000) in paragraph at lines 110--150

 []


Underfull \hbox (badness 10000) in paragraph at lines 110--150

 []


Underfull \hbox (badness 10000) in paragraph at lines 110--150

 []


Underfull \hbox (badness 10000) in paragraph at lines 110--150

 []


Underfull \hbox (badness 10000) in paragraph at lines 110--150

 []


Underfull \hbox (badness 10000) in paragraph at lines 110--150

 []


Underfull \hbox (badness 10000) in paragraph at lines 110--150

 []



[52 <../Statistical_Sciences_template/figure/MDS of 20s_2048_512 Features Using
 Complete Linkage.png>]

[53 <../Statistical_Sciences_template/figure/MDS of 20s_1024_128 Features Using
 Single Linkage.png>]

LaTeX Warning: `!h' float specifier changed to `!ht'.



[54 <../Statistical_Sciences_template/figure/MDS of 20s_2048_512 Features Using
 PAM.png>]

LaTeX Warning: `!h' float specifier changed to `!ht'.


Underfull \hbox (badness 10000) in paragraph at lines 151--157

 []


Underfull \hbox (badness 10000) in paragraph at lines 151--157

 []


Underfull \hbox (badness 10000) in paragraph at lines 151--157

 []


Underfull \hbox (badness 10000) in paragraph at lines 151--157

 []



[55 <../Statistical_Sciences_template/figure/MDS of Mahanttan Distance 50s.png>
]

[56 <../Statistical_Sciences_template/figure/MDS of Correlation Dissimilarity 5
0s.png>]
<../Statistical_Sciences_template/figure/Splitting Dataset.png, id=627, 462.528
pt x 346.896pt>
File: ../Statistical_Sciences_template/figure/Splitting Dataset.png Graphic fil
e (type png)
<use ../Statistical_Sciences_template/figure/Splitting Dataset.png>
Package pdftex.def Info: ../Statistical_Sciences_template/figure/Splitting Data
set.png  used on input line 160.
(pdftex.def)             Requested size: 409.71692pt x 307.302pt.

Underfull \hbox (badness 10000) in paragraph at lines 166--169

 []



[57 <../Statistical_Sciences_template/figure/Splitting Dataset.png>]
Underfull \hbox (badness 10000) in paragraph at lines 169--193

 []


Underfull \hbox (badness 10000) in paragraph at lines 169--193

 []


Underfull \hbox (badness 10000) in paragraph at lines 169--193

 []


Underfull \hbox (badness 10000) in paragraph at lines 169--193

 []


Underfull \hbox (badness 10000) in paragraph at lines 169--193

 []


Underfull \hbox (badness 10000) in paragraph at lines 169--193

 []


Underfull \hbox (badness 10000) in paragraph at lines 169--193

 []


Underfull \hbox (badness 10000) in paragraph at lines 169--193

 []


Underfull \hbox (badness 10000) in paragraph at lines 169--193

 []


Underfull \hbox (badness 10000) in paragraph at lines 169--193

 []


Underfull \hbox (badness 10000) in paragraph at lines 169--193

 []


Underfull \hbox (badness 10000) in paragraph at lines 169--193

 []


Underfull \hbox (badness 10000) in paragraph at lines 169--193

 []



[58]

[59]

[60]

[61]
Underfull \hbox (badness 10000) in paragraph at lines 203--216

 []


Underfull \hbox (badness 10000) in paragraph at lines 203--216

 []


Underfull \hbox (badness 10000) in paragraph at lines 203--216

 []


Underfull \hbox (badness 10000) in paragraph at lines 203--216

 []


Underfull \hbox (badness 10000) in paragraph at lines 203--216

 []


Underfull \hbox (badness 10000) in paragraph at lines 203--216

 []


Underfull \hbox (badness 10000) in paragraph at lines 203--216

 []


Underfull \hbox (badness 10000) in paragraph at lines 203--216

 []



[62]
Underfull \hbox (badness 10000) in paragraph at lines 217--236

 []


Underfull \hbox (badness 10000) in paragraph at lines 217--236

 []



[63]
Underfull \hbox (badness 10000) in paragraph at lines 238--243

 []


Underfull \hbox (badness 10000) in paragraph at lines 238--243

 []


Underfull \hbox (badness 10000) in paragraph at lines 238--243

 []



[64]
Underfull \hbox (badness 10000) in paragraph at lines 262--267

 []


Underfull \hbox (badness 10000) in paragraph at lines 262--267

 []


Underfull \hbox (badness 10000) in paragraph at lines 262--267

 []



[65]

[66]
Underfull \hbox (badness 10000) in paragraph at lines 285--286

 []


Underfull \hbox (badness 10000) in paragraph at lines 299--302

 []


Underfull \hbox (badness 10000) in paragraph at lines 299--302

 []



[67]
Underfull \hbox (badness 10000) in paragraph at lines 320--324

 []


Underfull \hbox (badness 10000) in paragraph at lines 320--324

 []


Underfull \hbox (badness 10000) in paragraph at lines 320--324

 []


Underfull \hbox (badness 10000) in paragraph at lines 326--333

 []


Underfull \hbox (badness 10000) in paragraph at lines 326--333

 []


Underfull \hbox (badness 10000) in paragraph at lines 326--333

 []


Underfull \hbox (badness 10000) in paragraph at lines 326--333

 []



[68]

[69]
<../Statistical_Sciences_template/figure/Coefficients for Logistic Multinomial 
Regression of Standard with L1 Penalty.png, id=719, 1445.4pt x 867.24pt>
File: ../Statistical_Sciences_template/figure/Coefficients for Logistic Multino
mial Regression of Standard with L1 Penalty.png Graphic file (type png)
<use ../Statistical_Sciences_template/figure/Coefficients for Logistic Multinom
ial Regression of Standard with L1 Penalty.png>
Package pdftex.def Info: ../Statistical_Sciences_template/figure/Coefficients f
or Logistic Multinomial Regression of Standard with L1 Penalty.png  used on inp
ut line 336.
(pdftex.def)             Requested size: 409.71692pt x 245.82944pt.
<../Statistical_Sciences_template/figure/Confusion matrix of the Best Model.png
, id=723, 433.62pt x 289.08pt>
File: ../Statistical_Sciences_template/figure/Confusion matrix of the Best Mode
l.png Graphic file (type png)
<use ../Statistical_Sciences_template/figure/Confusion matrix of the Best Model
.png>
Package pdftex.def Info: ../Statistical_Sciences_template/figure/Confusion matr
ix of the Best Model.png  used on input line 347.
(pdftex.def)             Requested size: 409.71692pt x 273.15997pt.

Underfull \hbox (badness 10000) in paragraph at lines 340--350

 []


Underfull \hbox (badness 10000) in paragraph at lines 340--350

 []



[70 <../Statistical_Sciences_template/figure/Coefficients for Logistic Multinom
ial Regression of Standard with L1 Penalty.png>]

[71]
<../Statistical_Sciences_template/figure/Coefficients for Logistic Multinomial 
Regression with L1 Penalty.png, id=738, 1445.4pt x 867.24pt>
File: ../Statistical_Sciences_template/figure/Coefficients for Logistic Multino
mial Regression with L1 Penalty.png Graphic file (type png)
<use ../Statistical_Sciences_template/figure/Coefficients for Logistic Multinom
ial Regression with L1 Penalty.png>
Package pdftex.def Info: ../Statistical_Sciences_template/figure/Coefficients f
or Logistic Multinomial Regression with L1 Penalty.png  used on input line 355.

(pdftex.def)             Requested size: 409.71692pt x 245.82944pt.

Underfull \hbox (badness 10000) in paragraph at lines 351--358

 []


Underfull \hbox (badness 10000) in paragraph at lines 351--358

 []



[72 <../Statistical_Sciences_template/figure/Confusion matrix of the Best Model
.png>]
<../Statistical_Sciences_template/figure/Coefficients for SVM with L1 penalty.p
ng, id=747, 1445.4pt x 867.24pt>
File: ../Statistical_Sciences_template/figure/Coefficients for SVM with L1 pena
lty.png Graphic file (type png)
<use ../Statistical_Sciences_template/figure/Coefficients for SVM with L1 penal
ty.png>
Package pdftex.def Info: ../Statistical_Sciences_template/figure/Coefficients f
or SVM with L1 penalty.png  used on input line 367.
(pdftex.def)             Requested size: 409.71692pt x 245.82944pt.

Underfull \hbox (badness 10000) in paragraph at lines 359--370

 []


Underfull \hbox (badness 10000) in paragraph at lines 359--370

 []


Underfull \hbox (badness 10000) in paragraph at lines 359--370

 []


Underfull \hbox (badness 10000) in paragraph at lines 359--370

 []



[73 <../Statistical_Sciences_template/figure/Coefficients for Logistic Multinom
ial Regression with L1 Penalty.png>]
Underfull \hbox (badness 10000) in paragraph at lines 371--373

 []


Underfull \hbox (badness 10000) in paragraph at lines 371--373

 []



[74 <../Statistical_Sciences_template/figure/Coefficients for SVM with L1 penal
ty.png>]
<../Statistical_Sciences_template/figure/Confusion matrix of the Best Shapelet 
Model.png, id=763, 433.62pt x 289.08pt>
File: ../Statistical_Sciences_template/figure/Confusion matrix of the Best Shap
elet Model.png Graphic file (type png)
<use ../Statistical_Sciences_template/figure/Confusion matrix of the Best Shape
let Model.png>
Package pdftex.def Info: ../Statistical_Sciences_template/figure/Confusion matr
ix of the Best Shapelet Model.png  used on input line 400.
(pdftex.def)             Requested size: 409.71692pt x 273.15997pt.

Underfull \hbox (badness 10000) in paragraph at lines 396--403

 []


Underfull \hbox (badness 10000) in paragraph at lines 396--403

 []



[75]
<../Statistical_Sciences_template/figure/Shapelets on Test Set.png, id=772, 722
.7pt x 433.62pt>
File: ../Statistical_Sciences_template/figure/Shapelets on Test Set.png Graphic
 file (type png)
<use ../Statistical_Sciences_template/figure/Shapelets on Test Set.png>
Package pdftex.def Info: ../Statistical_Sciences_template/figure/Shapelets on T
est Set.png  used on input line 407.
(pdftex.def)             Requested size: 409.71692pt x 245.82944pt.
)

[76 <../Statistical_Sciences_template/figure/Confusion matrix of the Best Shape
let Model.png>]

[77 <../Statistical_Sciences_template/figure/Shapelets on Test Set.png>]
\openout2 = `chapters/conclusion.aux'.


(./chapters/conclusion.tex)
Underfull \hbox (badness 10000) in paragraph at lines 3--162

 []


Underfull \hbox (badness 10000) in paragraph at lines 3--162

 []



[78




]

[79]
\openout2 = `chapters/acknowledgements.aux'.

 (./chapters/acknowledgements.tex)
Underfull \hbox (badness 10000) in paragraph at lines 3--164

 []


Underfull \hbox (badness 10000) in paragraph at lines 3--164

 []



[80




]
\openout2 = `chapters/references.aux'.

 (./chapters/references.tex

LaTeX Warning: Empty bibliography on input line 1.

)
\openout2 = `chapters/appendix.aux'.

 (./chapters/appendix.tex
Appendix A.
(c:/texlive/2025/texmf-dist/tex/latex/listings/lstlang1.sty
File: lstlang1.sty 2024/09/23 1.10c listings language file
)
Underfull \hbox (badness 10000) in paragraph at lines 4--5

 []

Package hyperref Info: bookmark level for unknown lstlisting defaults to 0 on i
nput line 5.
LaTeX Font Info:    Trying to load font information for OT1+pcr on input line 5
.
(c:/texlive/2025/texmf-dist/tex/latex/psnfss/ot1pcr.fd
File: ot1pcr.fd 2001/06/04 font definitions for OT1/pcr.
)
Underfull \hbox (badness 10000) in paragraph at lines 22--27

 []



[81







]
Underfull \hbox (badness 10000) in paragraph at lines 31--34

 []



[82])
Underfull \hbox (badness 10000) in paragraph at lines 37--168

 []


Underfull \hbox (badness 10000) in paragraph at lines 37--168

 []


Underfull \hbox (badness 10000) in paragraph at lines 37--168

 []



[83] (./main.aux (./chapters/abstract.aux) (./chapters/introduction.aux)
(./chapters/first_chapter.aux) (./chapters/second_chapter.aux)
(./chapters/conclusion.aux) (./chapters/acknowledgements.aux)
(./chapters/references.aux) (./chapters/appendix.aux))
 ***********
LaTeX2e <2024-11-01> patch level 2
L3 programming layer <2025-01-18>
 ***********
Package rerunfilecheck Info: File `main.out' has not changed.
(rerunfilecheck)             Checksum: EAF15FB9A05473B1790BFC2E99816263;7426.
Package logreq Info: Writing requests to 'main.run.xml'.
\openout1 = `main.run.xml'.

 ) 
Here is how much of TeX's memory you used:
 33615 strings out of 473190
 632426 string characters out of 5719979
 1482898 words of memory out of 5000000
 56094 multiletter control sequences out of 15000+600000
 593687 words of font info for 109 fonts, out of 8000000 for 9000
 1141 hyphenation exceptions out of 8191
 84i,17n,87p,4795b,1348s stack positions out of 10000i,1000n,20000p,200000b,200000s
<c:/texlive/2025/texmf-dist/fonts/type1/public/amsfonts/cm/cmbx12.pfb><c:/tex
live/2025/texmf-dist/fonts/type1/public/amsfonts/cm/cmbx6.pfb><c:/texlive/2025/
texmf-dist/fonts/type1/public/amsfonts/cm/cmbx8.pfb><c:/texlive/2025/texmf-dist
/fonts/type1/public/amsfonts/cm/cmex10.pfb><c:/texlive/2025/texmf-dist/fonts/ty
pe1/public/amsfonts/cm/cmmi10.pfb><c:/texlive/2025/texmf-dist/fonts/type1/publi
c/amsfonts/cm/cmmi12.pfb><c:/texlive/2025/texmf-dist/fonts/type1/public/amsfont
s/cm/cmmi6.pfb><c:/texlive/2025/texmf-dist/fonts/type1/public/amsfonts/cm/cmmi8
.pfb><c:/texlive/2025/texmf-dist/fonts/type1/public/amsfonts/cm/cmmib10.pfb><c:
/texlive/2025/texmf-dist/fonts/type1/public/amsfonts/cmextra/cmmib6.pfb><c:/tex
live/2025/texmf-dist/fonts/type1/public/amsfonts/cmextra/cmmib8.pfb><c:/texlive
/2025/texmf-dist/fonts/type1/public/amsfonts/cm/cmr12.pfb><c:/texlive/2025/texm
f-dist/fonts/type1/public/amsfonts/cm/cmr6.pfb><c:/texlive/2025/texmf-dist/font
s/type1/public/amsfonts/cm/cmr8.pfb><c:/texlive/2025/texmf-dist/fonts/type1/pub
lic/amsfonts/cm/cmsy10.pfb><c:/texlive/2025/texmf-dist/fonts/type1/public/amsfo
nts/cm/cmsy6.pfb><c:/texlive/2025/texmf-dist/fonts/type1/public/amsfonts/cm/cms
y8.pfb><c:/texlive/2025/texmf-dist/fonts/type1/public/amsfonts/cm/cmtt12.pfb><c
:/texlive/2025/texmf-dist/fonts/type1/urw/courier/ucrr8a.pfb><c:/texlive/2025/t
exmf-dist/fonts/type1/urw/times/utmb8a.pfb><c:/texlive/2025/texmf-dist/fonts/ty
pe1/urw/times/utmr8a.pfb><c:/texlive/2025/texmf-dist/fonts/type1/urw/zapfding/u
zdr.pfb>
Output written on main.pdf (86 pages, 2771118 bytes).
PDF statistics:
 974 PDF objects out of 1000 (max. 8388607)
 790 compressed objects within 8 object streams
 222 named destinations out of 1000 (max. 500000)
 451 words of extra memory for PDF output out of 10000 (max. 10000000)

